app/build/intermediates/manifest_merge_blame_file/release/processReleaseMainManifest/manifest-merger-blame-release-report.txt
1<?xml version="1.0" encoding="utf-8"?>
2<manifest xmlns:android="http://schemas.android.com/apk/res/android"
3    package="com.akira.aaplayer"
4    android:compileSdkVersion="36"
5    android:versionCode="2"
6    android:versionName="1.2" >
7
8    <uses-sdk
9        android:minSdkVersion="29"
10        android:targetSdkVersion="36" />
11
12    <uses-permission android:name="android.permission.INTERNET" />
12-->src/main/AndroidManifest.xml:3:5-66
12-->src/main/AndroidManifest.xml:3:22-64
13    <uses-permission android:name="androidx.car.app.ACCESS_SURFACE" />
13-->src/main/AndroidManifest.xml:4:5-70
13-->src/main/AndroidManifest.xml:4:22-68
14    <uses-permission android:name="androidx.car.app.MAP_TEMPLATES" />
14-->src/main/AndroidManifest.xml:5:5-69
14-->src/main/AndroidManifest.xml:5:22-67
15    <uses-permission android:name="com.akira.aaplayer.DYNAMIC_RECEIVER_NOT_EXPORTED_PERMISSION" />
15-->src/main/AndroidManifest.xml:8:5-98
15-->src/main/AndroidManifest.xml:8:22-96
16
17    <queries>
17-->[androidx.car.app:app:1.7.0] AndroidManifest.xml:23:5-28:15
18        <provider
18-->[androidx.car.app:app:1.7.0] AndroidManifest.xml:24:9-27:43
19            android:name="androidx.car.app.connection.provider"
19-->[androidx.car.app:app:1.7.0] AndroidManifest.xml:25:13-64
20            android:authorities="androidx.car.app.connection" />
20-->[androidx.car.app:app:1.7.0] AndroidManifest.xml:26:13-62
21    </queries>
22
23    <permission
23-->[androidx.core:core:1.17.0] AndroidManifest.xml:22:5-24:47
24        android:name="com.akira.aaplayer.DYNAMIC_RECEIVER_NOT_EXPORTED_PERMISSION"
24-->[androidx.core:core:1.17.0] AndroidManifest.xml:23:9-81
25        android:protectionLevel="signature" />
25-->[androidx.core:core:1.17.0] AndroidManifest.xml:24:9-44
26
27    <application
27-->src/main/AndroidManifest.xml:9:13-52:19
28        android:allowBackup="true"
28-->src/main/AndroidManifest.xml:9:26-52
29        android:appCategory="game"
29-->src/main/AndroidManifest.xml:9:53-79
30        android:appComponentFactory="androidx.core.app.CoreComponentFactory"
30-->[androidx.core:core:1.17.0] AndroidManifest.xml:28:18-86
31        android:dataExtractionRules="@xml/data_extraction_rules"
31-->src/main/AndroidManifest.xml:9:80-136
32        android:extractNativeLibs="false"
33        android:fullBackupContent="@xml/backup_rules"
33-->src/main/AndroidManifest.xml:9:137-182
34        android:hardwareAccelerated="true"
34-->src/main/AndroidManifest.xml:9:183-217
35        android:icon="@mipmap/ic_launcher"
35-->src/main/AndroidManifest.xml:9:218-252
36        android:label="@string/app_name"
36-->src/main/AndroidManifest.xml:9:253-285
37        android:networkSecurityConfig="@xml/network_security_config"
37-->src/main/AndroidManifest.xml:9:286-346
38        android:roundIcon="@mipmap/ic_launcher_round"
38-->src/main/AndroidManifest.xml:9:347-392
39        android:supportsRtl="true"
39-->src/main/AndroidManifest.xml:9:393-419
40        android:theme="@style/Theme.AAPlayer"
40-->src/main/AndroidManifest.xml:9:420-457
41        android:usesCleartextTraffic="true" >
41-->src/main/AndroidManifest.xml:9:458-493
42        <meta-data
42-->src/main/AndroidManifest.xml:10:9-86
43            android:name="androidx.car.app.minCarApiLevel"
43-->src/main/AndroidManifest.xml:10:20-66
44            android:value="1" />
44-->src/main/AndroidManifest.xml:10:67-84
45
46        <activity
46-->src/main/AndroidManifest.xml:11:9-24:20
47            android:name="com.akira.aaplayer.MainActivity"
47-->src/main/AndroidManifest.xml:11:161-207
48            android:configChanges="orientation|screenSize|uiMode"
48-->src/main/AndroidManifest.xml:11:19-72
49            android:exported="true"
49-->src/main/AndroidManifest.xml:11:73-96
50            android:label="@string/app_name"
50-->src/main/AndroidManifest.xml:11:97-129
51            android:launchMode="singleTop"
51-->src/main/AndroidManifest.xml:11:130-160
52            android:theme="@style/Theme.AAPlayer" >
52-->src/main/AndroidManifest.xml:11:208-245
53            <intent-filter>
53-->src/main/AndroidManifest.xml:12:13-16:29
54                <action android:name="android.intent.action.MAIN" />
54-->src/main/AndroidManifest.xml:13:17-68
54-->src/main/AndroidManifest.xml:13:25-66
55
56                <category android:name="android.intent.category.LAUNCHER" />
56-->src/main/AndroidManifest.xml:14:17-76
56-->src/main/AndroidManifest.xml:14:27-74
57                <category android:name="android.intent.category.CAR_LAUNCHER" />
57-->src/main/AndroidManifest.xml:15:17-80
57-->src/main/AndroidManifest.xml:15:27-78
58            </intent-filter>
59            <intent-filter>
59-->src/main/AndroidManifest.xml:17:13-23:29
60                <action android:name="android.intent.action.VIEW" />
60-->src/main/AndroidManifest.xml:18:17-68
60-->src/main/AndroidManifest.xml:18:25-66
61
62                <category android:name="android.intent.category.DEFAULT" />
62-->src/main/AndroidManifest.xml:19:17-75
62-->src/main/AndroidManifest.xml:19:27-73
63                <category android:name="android.intent.category.BROWSABLE" />
63-->src/main/AndroidManifest.xml:20:17-77
63-->src/main/AndroidManifest.xml:20:27-75
64
65                <data android:scheme="http" />
65-->src/main/AndroidManifest.xml:21:17-46
65-->src/main/AndroidManifest.xml:21:23-44
66                <data android:scheme="https" />
66-->src/main/AndroidManifest.xml:21:17-46
66-->src/main/AndroidManifest.xml:21:23-44
67            </intent-filter>
68        </activity>
69
70        <service
70-->src/main/AndroidManifest.xml:25:9-30:19
71            android:name="com.akira.aaplayer.AAPlayerCarAppService"
71-->src/main/AndroidManifest.xml:25:110-165
72            android:exported="true"
72-->src/main/AndroidManifest.xml:25:18-41
73            android:icon="@mipmap/ic_launcher"
73-->src/main/AndroidManifest.xml:25:42-76
74            android:label="@string/app_name" >
74-->src/main/AndroidManifest.xml:25:77-109
75            <intent-filter>
75-->src/main/AndroidManifest.xml:26:13-29:29
76                <action android:name="androidx.car.app.CarAppService" />
76-->src/main/AndroidManifest.xml:27:17-72
76-->src/main/AndroidManifest.xml:27:25-70
77
78                <category android:name="androidx.car.app.category.POI" />
78-->src/main/AndroidManifest.xml:28:17-73
78-->src/main/AndroidManifest.xml:28:27-71
79            </intent-filter>
80        </service>
81
82        <activity
82-->src/main/AndroidManifest.xml:31:9-162
83            android:name="androidx.car.app.CarAppPermissionActivity"
83-->src/main/AndroidManifest.xml:31:44-100
84            android:exported="false"
84-->src/main/AndroidManifest.xml:31:19-43
85            android:theme="@android:style/Theme.Translucent.NoTitleBar" />
85-->src/main/AndroidManifest.xml:31:101-160
86
87        <receiver
87-->src/main/AndroidManifest.xml:32:9-126
88            android:name="androidx.car.app.notification.CarAppNotificationBroadcastReceiver"
88-->src/main/AndroidManifest.xml:32:44-124
89            android:exported="false" />
89-->src/main/AndroidManifest.xml:32:19-43
90
91        <provider
91-->src/main/AndroidManifest.xml:33:9-37:20
92            android:name="androidx.startup.InitializationProvider"
92-->src/main/AndroidManifest.xml:33:102-156
93            android:authorities="com.akira.aaplayer.androidx-startup"
93-->src/main/AndroidManifest.xml:33:19-76
94            android:exported="false" >
94-->src/main/AndroidManifest.xml:33:77-101
95            <meta-data
95-->src/main/AndroidManifest.xml:34:13-117
96                android:name="androidx.emoji2.text.EmojiCompatInitializer"
96-->src/main/AndroidManifest.xml:34:24-82
97                android:value="androidx.startup" />
97-->src/main/AndroidManifest.xml:34:83-115
98            <meta-data
98-->src/main/AndroidManifest.xml:35:13-120
99                android:name="androidx.lifecycle.ProcessLifecycleInitializer"
99-->src/main/AndroidManifest.xml:35:24-85
100                android:value="androidx.startup" />
100-->src/main/AndroidManifest.xml:35:86-118
101            <meta-data
101-->src/main/AndroidManifest.xml:36:13-127
102                android:name="androidx.profileinstaller.ProfileInstallerInitializer"
102-->src/main/AndroidManifest.xml:36:24-92
103                android:value="androidx.startup" />
103-->src/main/AndroidManifest.xml:36:93-125
104        </provider>
105
106        <receiver
106-->src/main/AndroidManifest.xml:38:9-51:20
107            android:name="androidx.profileinstaller.ProfileInstallReceiver"
107-->src/main/AndroidManifest.xml:38:98-161
108            android:directBootAware="false"
108-->src/main/AndroidManifest.xml:38:19-50
109            android:enabled="true"
109-->src/main/AndroidManifest.xml:38:51-73
110            android:exported="true"
110-->src/main/AndroidManifest.xml:38:74-97
111            android:permission="android.permission.DUMP" >
111-->src/main/AndroidManifest.xml:38:162-206
112            <intent-filter>
112-->src/main/AndroidManifest.xml:39:13-41:29
113                <action android:name="androidx.profileinstaller.action.INSTALL_PROFILE" />
113-->src/main/AndroidManifest.xml:40:17-90
113-->src/main/AndroidManifest.xml:40:25-88
114            </intent-filter>
115            <intent-filter>
115-->src/main/AndroidManifest.xml:42:13-44:29
116                <action android:name="androidx.profileinstaller.action.SKIP_FILE" />
116-->src/main/AndroidManifest.xml:43:17-84
116-->src/main/AndroidManifest.xml:43:25-82
117            </intent-filter>
118            <intent-filter>
118-->src/main/AndroidManifest.xml:45:13-47:29
119                <action android:name="androidx.profileinstaller.action.SAVE_PROFILE" />
119-->src/main/AndroidManifest.xml:46:17-87
119-->src/main/AndroidManifest.xml:46:25-85
120            </intent-filter>
121            <intent-filter>
121-->src/main/AndroidManifest.xml:48:13-50:29
122                <action android:name="androidx.profileinstaller.action.BENCHMARK_OPERATION" />
122-->src/main/AndroidManifest.xml:49:17-94
122-->src/main/AndroidManifest.xml:49:25-92
123            </intent-filter>
124        </receiver>
125    </application>
126
127</manifest>